Command line invocation:
    /Applications/Xcode.app/Contents/Developer/usr/bin/xcodebuild -project EyeBreak.xcodeproj -scheme EyeBreak -configuration Release clean build CODE_SIGN_IDENTITY=- CODE_SIGN_ENTITLEMENTS=

Build settings from command line:
    CODE_SIGN_ENTITLEMENTS = 
    CODE_SIGN_IDENTITY = -

--- xcodebuild: WARNING: Using the first of multiple matching destinations:
{ platform:macOS, arch:arm64, id:00006000-000618CC1A62801E, name:My Mac }
{ platform:macOS, arch:x86_64, id:00006000-000618CC1A62801E, name:My Mac }
{ platform:macOS, name:Any Mac }
note: Using codesigning identity override: -
ComputePackagePrebuildTargetDependencyGraph

CreateBuildRequest

SendProjectDescription

CreateBuildOperation

** CLEAN SUCCEEDED **

--- xcodebuild: WARNING: Using the first of multiple matching destinations:
{ platform:macOS, arch:arm64, id:00006000-000618CC1A62801E, name:My Mac }
{ platform:macOS, arch:x86_64, id:00006000-000618CC1A62801E, name:My Mac }
{ platform:macOS, name:Any Mac }
note: Using codesigning identity override: -
ComputePackagePrebuildTargetDependencyGraph

Prepare packages

CreateBuildRequest

SendProjectDescription

CreateBuildOperation

ComputeTargetDependencyGraph
note: Building targets in dependency order
note: Target dependency graph (1 target)
    Target 'EyeBreak' in project 'EyeBreak' (no dependencies)

GatherProvisioningInputs

CreateBuildDescription

ExecuteExternalTool /Applications/Xcode.app/Contents/Developer/Toolchains/XcodeDefault.xctoolchain/usr/bin/clang -v -E -dM -isysroot /Applications/Xcode.app/Contents/Developer/Platforms/MacOSX.platform/Developer/SDKs/MacOSX15.4.sdk -x c -c /dev/null

ExecuteExternalTool /Applications/Xcode.app/Contents/Developer/usr/bin/actool --version --output-format xml1

ExecuteExternalTool /Applications/Xcode.app/Contents/Developer/Toolchains/XcodeDefault.xctoolchain/usr/bin/swiftc --version

ExecuteExternalTool /Applications/Xcode.app/Contents/Developer/Toolchains/XcodeDefault.xctoolchain/usr/bin/ld -version_details

Build description signature: 9c6b969c4d88b923f37382cd67c344d9
Build description path: /Users/chansocheat.sok/Library/Developer/Xcode/DerivedData/EyeBreak-cmlrpdawzgvviwhfqhvjwymdisax/Build/Intermediates.noindex/XCBuildData/9c6b969c4d88b923f37382cd67c344d9.xcbuilddata
ClangStatCache /Applications/Xcode.app/Contents/Developer/Toolchains/XcodeDefault.xctoolchain/usr/bin/clang-stat-cache /Applications/Xcode.app/Contents/Developer/Platforms/MacOSX.platform/Developer/SDKs/MacOSX15.4.sdk /Users/chansocheat.sok/Library/Developer/Xcode/DerivedData/SDKStatCaches.noindex/macosx15.4-24E241-88b860576fb364319593bd8fb30666b0.sdkstatcache
    cd /Users/chansocheat.sok/Desktop/vibe-coding/lookaway/EyeBreak.xcodeproj
    /Applications/Xcode.app/Contents/Developer/Toolchains/XcodeDefault.xctoolchain/usr/bin/clang-stat-cache /Applications/Xcode.app/Contents/Developer/Platforms/MacOSX.platform/Developer/SDKs/MacOSX15.4.sdk -o /Users/chansocheat.sok/Library/Developer/Xcode/DerivedData/SDKStatCaches.noindex/macosx15.4-24E241-88b860576fb364319593bd8fb30666b0.sdkstatcache

CreateBuildDirectory /Users/chansocheat.sok/Library/Developer/Xcode/DerivedData/EyeBreak-cmlrpdawzgvviwhfqhvjwymdisax/Build/Intermediates.noindex
    cd /Users/chansocheat.sok/Desktop/vibe-coding/lookaway/EyeBreak.xcodeproj
    builtin-create-build-directory /Users/chansocheat.sok/Library/Developer/Xcode/DerivedData/EyeBreak-cmlrpdawzgvviwhfqhvjwymdisax/Build/Intermediates.noindex

CreateBuildDirectory /Users/chansocheat.sok/Library/Developer/Xcode/DerivedData/EyeBreak-cmlrpdawzgvviwhfqhvjwymdisax/Build/Products
    cd /Users/chansocheat.sok/Desktop/vibe-coding/lookaway/EyeBreak.xcodeproj
    builtin-create-build-directory /Users/chansocheat.sok/Library/Developer/Xcode/DerivedData/EyeBreak-cmlrpdawzgvviwhfqhvjwymdisax/Build/Products

CreateBuildDirectory /Users/chansocheat.sok/Library/Developer/Xcode/DerivedData/EyeBreak-cmlrpdawzgvviwhfqhvjwymdisax/Build/Intermediates.noindex/EagerLinkingTBDs/Release
    cd /Users/chansocheat.sok/Desktop/vibe-coding/lookaway/EyeBreak.xcodeproj
    builtin-create-build-directory /Users/chansocheat.sok/Library/Developer/Xcode/DerivedData/EyeBreak-cmlrpdawzgvviwhfqhvjwymdisax/Build/Intermediates.noindex/EagerLinkingTBDs/Release

CreateBuildDirectory /Users/chansocheat.sok/Library/Developer/Xcode/DerivedData/EyeBreak-cmlrpdawzgvviwhfqhvjwymdisax/Build/Products/Release
    cd /Users/chansocheat.sok/Desktop/vibe-coding/lookaway/EyeBreak.xcodeproj
    builtin-create-build-directory /Users/chansocheat.sok/Library/Developer/Xcode/DerivedData/EyeBreak-cmlrpdawzgvviwhfqhvjwymdisax/Build/Products/Release

WriteAuxiliaryFile /Users/chansocheat.sok/Library/Developer/Xcode/DerivedData/EyeBreak-cmlrpdawzgvviwhfqhvjwymdisax/Build/Intermediates.noindex/EyeBreak.build/Release/EyeBreak-fbe33f06fb9ee51bcad43b39f80deaee-VFS/all-product-headers.yaml
    cd /Users/chansocheat.sok/Desktop/vibe-coding/lookaway/EyeBreak.xcodeproj
    write-file /Users/chansocheat.sok/Library/Developer/Xcode/DerivedData/EyeBreak-cmlrpdawzgvviwhfqhvjwymdisax/Build/Intermediates.noindex/EyeBreak.build/Release/EyeBreak-fbe33f06fb9ee51bcad43b39f80deaee-VFS/all-product-headers.yaml

WriteAuxiliaryFile /Users/chansocheat.sok/Library/Developer/Xcode/DerivedData/EyeBreak-cmlrpdawzgvviwhfqhvjwymdisax/Build/Intermediates.noindex/EyeBreak.build/Release/EyeBreak.build/EyeBreak.hmap (in target 'EyeBreak' from project 'EyeBreak')
    cd /Users/chansocheat.sok/Desktop/vibe-coding/lookaway
    write-file /Users/chansocheat.sok/Library/Developer/Xcode/DerivedData/EyeBreak-cmlrpdawzgvviwhfqhvjwymdisax/Build/Intermediates.noindex/EyeBreak.build/Release/EyeBreak.build/EyeBreak.hmap

WriteAuxiliaryFile /Users/chansocheat.sok/Library/Developer/Xcode/DerivedData/EyeBreak-cmlrpdawzgvviwhfqhvjwymdisax/Build/Intermediates.noindex/EyeBreak.build/Release/EyeBreak.build/Objects-normal/arm64/EyeBreak-OutputFileMap.json (in target 'EyeBreak' from project 'EyeBreak')
    cd /Users/chansocheat.sok/Desktop/vibe-coding/lookaway
    write-file /Users/chansocheat.sok/Library/Developer/Xcode/DerivedData/EyeBreak-cmlrpdawzgvviwhfqhvjwymdisax/Build/Intermediates.noindex/EyeBreak.build/Release/EyeBreak.build/Objects-normal/arm64/EyeBreak-OutputFileMap.json

WriteAuxiliaryFile /Users/chansocheat.sok/Library/Developer/Xcode/DerivedData/EyeBreak-cmlrpdawzgvviwhfqhvjwymdisax/Build/Intermediates.noindex/EyeBreak.build/Release/EyeBreak.build/Objects-normal/arm64/EyeBreak_const_extract_protocols.json (in target 'EyeBreak' from project 'EyeBreak')
    cd /Users/chansocheat.sok/Desktop/vibe-coding/lookaway
    write-file /Users/chansocheat.sok/Library/Developer/Xcode/DerivedData/EyeBreak-cmlrpdawzgvviwhfqhvjwymdisax/Build/Intermediates.noindex/EyeBreak.build/Release/EyeBreak.build/Objects-normal/arm64/EyeBreak_const_extract_protocols.json

WriteAuxiliaryFile /Users/chansocheat.sok/Library/Developer/Xcode/DerivedData/EyeBreak-cmlrpdawzgvviwhfqhvjwymdisax/Build/Intermediates.noindex/EyeBreak.build/Release/EyeBreak.build/Objects-normal/arm64/EyeBreak.SwiftConstValuesFileList (in target 'EyeBreak' from project 'EyeBreak')
    cd /Users/chansocheat.sok/Desktop/vibe-coding/lookaway
    write-file /Users/chansocheat.sok/Library/Developer/Xcode/DerivedData/EyeBreak-cmlrpdawzgvviwhfqhvjwymdisax/Build/Intermediates.noindex/EyeBreak.build/Release/EyeBreak.build/Objects-normal/arm64/EyeBreak.SwiftConstValuesFileList

WriteAuxiliaryFile /Users/chansocheat.sok/Library/Developer/Xcode/DerivedData/EyeBreak-cmlrpdawzgvviwhfqhvjwymdisax/Build/Intermediates.noindex/EyeBreak.build/Release/EyeBreak.build/Objects-normal/arm64/EyeBreak.SwiftFileList (in target 'EyeBreak' from project 'EyeBreak')
    cd /Users/chansocheat.sok/Desktop/vibe-coding/lookaway
    write-file /Users/chansocheat.sok/Library/Developer/Xcode/DerivedData/EyeBreak-cmlrpdawzgvviwhfqhvjwymdisax/Build/Intermediates.noindex/EyeBreak.build/Release/EyeBreak.build/Objects-normal/arm64/EyeBreak.SwiftFileList

WriteAuxiliaryFile /Users/chansocheat.sok/Library/Developer/Xcode/DerivedData/EyeBreak-cmlrpdawzgvviwhfqhvjwymdisax/Build/Intermediates.noindex/EyeBreak.build/Release/EyeBreak.build/Objects-normal/arm64/EyeBreak.LinkFileList (in target 'EyeBreak' from project 'EyeBreak')
    cd /Users/chansocheat.sok/Desktop/vibe-coding/lookaway
    write-file /Users/chansocheat.sok/Library/Developer/Xcode/DerivedData/EyeBreak-cmlrpdawzgvviwhfqhvjwymdisax/Build/Intermediates.noindex/EyeBreak.build/Release/EyeBreak.build/Objects-normal/arm64/EyeBreak.LinkFileList

WriteAuxiliaryFile /Users/chansocheat.sok/Library/Developer/Xcode/DerivedData/EyeBreak-cmlrpdawzgvviwhfqhvjwymdisax/Build/Intermediates.noindex/EyeBreak.build/Release/EyeBreak.build/EyeBreak.DependencyStaticMetadataFileList (in target 'EyeBreak' from project 'EyeBreak')
    cd /Users/chansocheat.sok/Desktop/vibe-coding/lookaway
    write-file /Users/chansocheat.sok/Library/Developer/Xcode/DerivedData/EyeBreak-cmlrpdawzgvviwhfqhvjwymdisax/Build/Intermediates.noindex/EyeBreak.build/Release/EyeBreak.build/EyeBreak.DependencyStaticMetadataFileList

WriteAuxiliaryFile /Users/chansocheat.sok/Library/Developer/Xcode/DerivedData/EyeBreak-cmlrpdawzgvviwhfqhvjwymdisax/Build/Intermediates.noindex/EyeBreak.build/Release/EyeBreak.build/EyeBreak.DependencyMetadataFileList (in target 'EyeBreak' from project 'EyeBreak')
    cd /Users/chansocheat.sok/Desktop/vibe-coding/lookaway
    write-file /Users/chansocheat.sok/Library/Developer/Xcode/DerivedData/EyeBreak-cmlrpdawzgvviwhfqhvjwymdisax/Build/Intermediates.noindex/EyeBreak.build/Release/EyeBreak.build/EyeBreak.DependencyMetadataFileList

WriteAuxiliaryFile /Users/chansocheat.sok/Library/Developer/Xcode/DerivedData/EyeBreak-cmlrpdawzgvviwhfqhvjwymdisax/Build/Intermediates.noindex/EyeBreak.build/Release/EyeBreak.build/EyeBreak-project-headers.hmap (in target 'EyeBreak' from project 'EyeBreak')
    cd /Users/chansocheat.sok/Desktop/vibe-coding/lookaway
    write-file /Users/chansocheat.sok/Library/Developer/Xcode/DerivedData/EyeBreak-cmlrpdawzgvviwhfqhvjwymdisax/Build/Intermediates.noindex/EyeBreak.build/Release/EyeBreak.build/EyeBreak-project-headers.hmap

WriteAuxiliaryFile /Users/chansocheat.sok/Library/Developer/Xcode/DerivedData/EyeBreak-cmlrpdawzgvviwhfqhvjwymdisax/Build/Intermediates.noindex/EyeBreak.build/Release/EyeBreak.build/EyeBreak-own-target-headers.hmap (in target 'EyeBreak' from project 'EyeBreak')
    cd /Users/chansocheat.sok/Desktop/vibe-coding/lookaway
    write-file /Users/chansocheat.sok/Library/Developer/Xcode/DerivedData/EyeBreak-cmlrpdawzgvviwhfqhvjwymdisax/Build/Intermediates.noindex/EyeBreak.build/Release/EyeBreak.build/EyeBreak-own-target-headers.hmap

WriteAuxiliaryFile /Users/chansocheat.sok/Library/Developer/Xcode/DerivedData/EyeBreak-cmlrpdawzgvviwhfqhvjwymdisax/Build/Intermediates.noindex/EyeBreak.build/Release/EyeBreak.build/EyeBreak-all-target-headers.hmap (in target 'EyeBreak' from project 'EyeBreak')
    cd /Users/chansocheat.sok/Desktop/vibe-coding/lookaway
    write-file /Users/chansocheat.sok/Library/Developer/Xcode/DerivedData/EyeBreak-cmlrpdawzgvviwhfqhvjwymdisax/Build/Intermediates.noindex/EyeBreak.build/Release/EyeBreak.build/EyeBreak-all-target-headers.hmap

WriteAuxiliaryFile /Users/chansocheat.sok/Library/Developer/Xcode/DerivedData/EyeBreak-cmlrpdawzgvviwhfqhvjwymdisax/Build/Intermediates.noindex/EyeBreak.build/Release/EyeBreak.build/EyeBreak-generated-files.hmap (in target 'EyeBreak' from project 'EyeBreak')
    cd /Users/chansocheat.sok/Desktop/vibe-coding/lookaway
    write-file /Users/chansocheat.sok/Library/Developer/Xcode/DerivedData/EyeBreak-cmlrpdawzgvviwhfqhvjwymdisax/Build/Intermediates.noindex/EyeBreak.build/Release/EyeBreak.build/EyeBreak-generated-files.hmap

WriteAuxiliaryFile /Users/chansocheat.sok/Library/Developer/Xcode/DerivedData/EyeBreak-cmlrpdawzgvviwhfqhvjwymdisax/Build/Intermediates.noindex/EyeBreak.build/Release/EyeBreak.build/EyeBreak-all-non-framework-target-headers.hmap (in target 'EyeBreak' from project 'EyeBreak')
    cd /Users/chansocheat.sok/Desktop/vibe-coding/lookaway
    write-file /Users/chansocheat.sok/Library/Developer/Xcode/DerivedData/EyeBreak-cmlrpdawzgvviwhfqhvjwymdisax/Build/Intermediates.noindex/EyeBreak.build/Release/EyeBreak.build/EyeBreak-all-non-framework-target-headers.hmap

WriteAuxiliaryFile /Users/chansocheat.sok/Library/Developer/Xcode/DerivedData/EyeBreak-cmlrpdawzgvviwhfqhvjwymdisax/Build/Intermediates.noindex/EyeBreak.build/Release/EyeBreak.build/DerivedSources/Entitlements.plist (in target 'EyeBreak' from project 'EyeBreak')
    cd /Users/chansocheat.sok/Desktop/vibe-coding/lookaway
    write-file /Users/chansocheat.sok/Library/Developer/Xcode/DerivedData/EyeBreak-cmlrpdawzgvviwhfqhvjwymdisax/Build/Intermediates.noindex/EyeBreak.build/Release/EyeBreak.build/DerivedSources/Entitlements.plist

MkDir /Users/chansocheat.sok/Library/Developer/Xcode/DerivedData/EyeBreak-cmlrpdawzgvviwhfqhvjwymdisax/Build/Products/Release/EyeBreak.app/Contents/Resources (in target 'EyeBreak' from project 'EyeBreak')
    cd /Users/chansocheat.sok/Desktop/vibe-coding/lookaway
    /bin/mkdir -p /Users/chansocheat.sok/Library/Developer/Xcode/DerivedData/EyeBreak-cmlrpdawzgvviwhfqhvjwymdisax/Build/Products/Release/EyeBreak.app/Contents/Resources

MkDir /Users/chansocheat.sok/Library/Developer/Xcode/DerivedData/EyeBreak-cmlrpdawzgvviwhfqhvjwymdisax/Build/Products/Release/EyeBreak.app/Contents/MacOS (in target 'EyeBreak' from project 'EyeBreak')
    cd /Users/chansocheat.sok/Desktop/vibe-coding/lookaway
    /bin/mkdir -p /Users/chansocheat.sok/Library/Developer/Xcode/DerivedData/EyeBreak-cmlrpdawzgvviwhfqhvjwymdisax/Build/Products/Release/EyeBreak.app/Contents/MacOS

MkDir /Users/chansocheat.sok/Library/Developer/Xcode/DerivedData/EyeBreak-cmlrpdawzgvviwhfqhvjwymdisax/Build/Products/Release/EyeBreak.app/Contents (in target 'EyeBreak' from project 'EyeBreak')
    cd /Users/chansocheat.sok/Desktop/vibe-coding/lookaway
    /bin/mkdir -p /Users/chansocheat.sok/Library/Developer/Xcode/DerivedData/EyeBreak-cmlrpdawzgvviwhfqhvjwymdisax/Build/Products/Release/EyeBreak.app/Contents

MkDir /Users/chansocheat.sok/Library/Developer/Xcode/DerivedData/EyeBreak-cmlrpdawzgvviwhfqhvjwymdisax/Build/Products/Release/EyeBreak.app (in target 'EyeBreak' from project 'EyeBreak')
    cd /Users/chansocheat.sok/Desktop/vibe-coding/lookaway
    /bin/mkdir -p /Users/chansocheat.sok/Library/Developer/Xcode/DerivedData/EyeBreak-cmlrpdawzgvviwhfqhvjwymdisax/Build/Products/Release/EyeBreak.app

ProcessProductPackaging "" /Users/chansocheat.sok/Library/Developer/Xcode/DerivedData/EyeBreak-cmlrpdawzgvviwhfqhvjwymdisax/Build/Intermediates.noindex/EyeBreak.build/Release/EyeBreak.build/EyeBreak.app.xcent (in target 'EyeBreak' from project 'EyeBreak')
    cd /Users/chansocheat.sok/Desktop/vibe-coding/lookaway
    
    Entitlements:
    
    {
    "com.apple.security.get-task-allow" = 1;
}
    
    builtin-productPackagingUtility -entitlements -format xml -o /Users/chansocheat.sok/Library/Developer/Xcode/DerivedData/EyeBreak-cmlrpdawzgvviwhfqhvjwymdisax/Build/Intermediates.noindex/EyeBreak.build/Release/EyeBreak.build/EyeBreak.app.xcent

ProcessProductPackagingDER /Users/chansocheat.sok/Library/Developer/Xcode/DerivedData/EyeBreak-cmlrpdawzgvviwhfqhvjwymdisax/Build/Intermediates.noindex/EyeBreak.build/Release/EyeBreak.build/EyeBreak.app.xcent /Users/chansocheat.sok/Library/Developer/Xcode/DerivedData/EyeBreak-cmlrpdawzgvviwhfqhvjwymdisax/Build/Intermediates.noindex/EyeBreak.build/Release/EyeBreak.build/EyeBreak.app.xcent.der (in target 'EyeBreak' from project 'EyeBreak')
    cd /Users/chansocheat.sok/Desktop/vibe-coding/lookaway
    /usr/bin/derq query -f xml -i /Users/chansocheat.sok/Library/Developer/Xcode/DerivedData/EyeBreak-cmlrpdawzgvviwhfqhvjwymdisax/Build/Intermediates.noindex/EyeBreak.build/Release/EyeBreak.build/EyeBreak.app.xcent -o /Users/chansocheat.sok/Library/Developer/Xcode/DerivedData/EyeBreak-cmlrpdawzgvviwhfqhvjwymdisax/Build/Intermediates.noindex/EyeBreak.build/Release/EyeBreak.build/EyeBreak.app.xcent.der --raw

GenerateAssetSymbols /Users/chansocheat.sok/Desktop/vibe-coding/lookaway/EyeBreak/Resources/Assets.xcassets (in target 'EyeBreak' from project 'EyeBreak')
    cd /Users/chansocheat.sok/Desktop/vibe-coding/lookaway
    /Applications/Xcode.app/Contents/Developer/usr/bin/actool /Users/chansocheat.sok/Desktop/vibe-coding/lookaway/EyeBreak/Resources/Assets.xcassets --compile /Users/chansocheat.sok/Library/Developer/Xcode/DerivedData/EyeBreak-cmlrpdawzgvviwhfqhvjwymdisax/Build/Products/Release/EyeBreak.app/Contents/Resources --output-format human-readable-text --notices --warnings --export-dependency-info /Users/chansocheat.sok/Library/Developer/Xcode/DerivedData/EyeBreak-cmlrpdawzgvviwhfqhvjwymdisax/Build/Intermediates.noindex/EyeBreak.build/Release/EyeBreak.build/assetcatalog_dependencies --output-partial-info-plist /Users/chansocheat.sok/Library/Developer/Xcode/DerivedData/EyeBreak-cmlrpdawzgvviwhfqhvjwymdisax/Build/Intermediates.noindex/EyeBreak.build/Release/EyeBreak.build/assetcatalog_generated_info.plist --app-icon AppIcon --accent-color AccentColor --enable-on-demand-resources NO --development-region en --target-device mac --minimum-deployment-target 14.0 --platform macosx --bundle-identifier com.eyebreak.app --generate-swift-asset-symbol-extensions NO --generate-swift-asset-symbols /Users/chansocheat.sok/Library/Developer/Xcode/DerivedData/EyeBreak-cmlrpdawzgvviwhfqhvjwymdisax/Build/Intermediates.noindex/EyeBreak.build/Release/EyeBreak.build/DerivedSources/GeneratedAssetSymbols.swift --generate-objc-asset-symbols /Users/chansocheat.sok/Library/Developer/Xcode/DerivedData/EyeBreak-cmlrpdawzgvviwhfqhvjwymdisax/Build/Intermediates.noindex/EyeBreak.build/Release/EyeBreak.build/DerivedSources/GeneratedAssetSymbols.h --generate-asset-symbol-index /Users/chansocheat.sok/Library/Developer/Xcode/DerivedData/EyeBreak-cmlrpdawzgvviwhfqhvjwymdisax/Build/Intermediates.noindex/EyeBreak.build/Release/EyeBreak.build/DerivedSources/GeneratedAssetSymbols-Index.plist
/* com.apple.actool.document.warnings */
/Users/chansocheat.sok/Desktop/vibe-coding/lookaway/EyeBreak/Resources/Assets.xcassets:./AppIcon.appiconset/[][mac][16x16][][][1x][][][][]: warning: AppIcon.appiconset/AppIcon-16.png is 32x32 but should be 16x16.
/Users/chansocheat.sok/Desktop/vibe-coding/lookaway/EyeBreak/Resources/Assets.xcassets:./AppIcon.appiconset/[][mac][128x128][][][1x][][][][]: warning: AppIcon.appiconset/AppIcon-128.png is 256x256 but should be 128x128.
/* com.apple.actool.compilation-results */
/Users/chansocheat.sok/Library/Developer/Xcode/DerivedData/EyeBreak-cmlrpdawzgvviwhfqhvjwymdisax/Build/Intermediates.noindex/EyeBreak.build/Release/EyeBreak.build/DerivedSources/GeneratedAssetSymbols-Index.plist
/Users/chansocheat.sok/Library/Developer/Xcode/DerivedData/EyeBreak-cmlrpdawzgvviwhfqhvjwymdisax/Build/Intermediates.noindex/EyeBreak.build/Release/EyeBreak.build/DerivedSources/GeneratedAssetSymbols.h
/Users/chansocheat.sok/Library/Developer/Xcode/DerivedData/EyeBreak-cmlrpdawzgvviwhfqhvjwymdisax/Build/Intermediates.noindex/EyeBreak.build/Release/EyeBreak.build/DerivedSources/GeneratedAssetSymbols.swift


MkDir /Users/chansocheat.sok/Library/Developer/Xcode/DerivedData/EyeBreak-cmlrpdawzgvviwhfqhvjwymdisax/Build/Intermediates.noindex/EyeBreak.build/Release/EyeBreak.build/assetcatalog_output/unthinned (in target 'EyeBreak' from project 'EyeBreak')
    cd /Users/chansocheat.sok/Desktop/vibe-coding/lookaway
    /bin/mkdir -p /Users/chansocheat.sok/Library/Developer/Xcode/DerivedData/EyeBreak-cmlrpdawzgvviwhfqhvjwymdisax/Build/Intermediates.noindex/EyeBreak.build/Release/EyeBreak.build/assetcatalog_output/unthinned

MkDir /Users/chansocheat.sok/Library/Developer/Xcode/DerivedData/EyeBreak-cmlrpdawzgvviwhfqhvjwymdisax/Build/Intermediates.noindex/EyeBreak.build/Release/EyeBreak.build/assetcatalog_output/thinned (in target 'EyeBreak' from project 'EyeBreak')
    cd /Users/chansocheat.sok/Desktop/vibe-coding/lookaway
    /bin/mkdir -p /Users/chansocheat.sok/Library/Developer/Xcode/DerivedData/EyeBreak-cmlrpdawzgvviwhfqhvjwymdisax/Build/Intermediates.noindex/EyeBreak.build/Release/EyeBreak.build/assetcatalog_output/thinned

CompileAssetCatalogVariant thinned /Users/chansocheat.sok/Library/Developer/Xcode/DerivedData/EyeBreak-cmlrpdawzgvviwhfqhvjwymdisax/Build/Products/Release/EyeBreak.app/Contents/Resources /Users/chansocheat.sok/Desktop/vibe-coding/lookaway/EyeBreak/Resources/Assets.xcassets (in target 'EyeBreak' from project 'EyeBreak')
    cd /Users/chansocheat.sok/Desktop/vibe-coding/lookaway
    /Applications/Xcode.app/Contents/Developer/usr/bin/actool /Users/chansocheat.sok/Desktop/vibe-coding/lookaway/EyeBreak/Resources/Assets.xcassets --compile /Users/chansocheat.sok/Library/Developer/Xcode/DerivedData/EyeBreak-cmlrpdawzgvviwhfqhvjwymdisax/Build/Intermediates.noindex/EyeBreak.build/Release/EyeBreak.build/assetcatalog_output/thinned --output-format human-readable-text --notices --warnings --export-dependency-info /Users/chansocheat.sok/Library/Developer/Xcode/DerivedData/EyeBreak-cmlrpdawzgvviwhfqhvjwymdisax/Build/Intermediates.noindex/EyeBreak.build/Release/EyeBreak.build/assetcatalog_dependencies_thinned --output-partial-info-plist /Users/chansocheat.sok/Library/Developer/Xcode/DerivedData/EyeBreak-cmlrpdawzgvviwhfqhvjwymdisax/Build/Intermediates.noindex/EyeBreak.build/Release/EyeBreak.build/assetcatalog_generated_info.plist_thinned --app-icon AppIcon --accent-color AccentColor --enable-on-demand-resources NO --development-region en --target-device mac --minimum-deployment-target 14.0 --platform macosx
/* com.apple.actool.document.warnings */
/Users/chansocheat.sok/Desktop/vibe-coding/lookaway/EyeBreak/Resources/Assets.xcassets:./AppIcon.appiconset/[][mac][128x128][][][1x][][][][]: warning: AppIcon.appiconset/AppIcon-128.png is 256x256 but should be 128x128.
/Users/chansocheat.sok/Desktop/vibe-coding/lookaway/EyeBreak/Resources/Assets.xcassets:./AppIcon.appiconset/[][mac][16x16][][][1x][][][][]: warning: AppIcon.appiconset/AppIcon-16.png is 32x32 but should be 16x16.
/Users/chansocheat.sok/Desktop/vibe-coding/lookaway/EyeBreak/Resources/Assets.xcassets:./AppIcon.appiconset/[][mac][128x128][][][1x][][][][]: warning: AppIcon.appiconset/AppIcon-128.png is 256x256 but should be 128x128.
/Users/chansocheat.sok/Desktop/vibe-coding/lookaway/EyeBreak/Resources/Assets.xcassets:./AppIcon.appiconset/[][mac][16x16][][][1x][][][][]: warning: AppIcon.appiconset/AppIcon-16.png is 32x32 but should be 16x16.
/* com.apple.actool.compilation-results */
/Users/chansocheat.sok/Library/Developer/Xcode/DerivedData/EyeBreak-cmlrpdawzgvviwhfqhvjwymdisax/Build/Intermediates.noindex/EyeBreak.build/Release/EyeBreak.build/assetcatalog_generated_info.plist_thinned
/Users/chansocheat.sok/Library/Developer/Xcode/DerivedData/EyeBreak-cmlrpdawzgvviwhfqhvjwymdisax/Build/Intermediates.noindex/EyeBreak.build/Release/EyeBreak.build/assetcatalog_output/thinned/AppIcon.icns
/Users/chansocheat.sok/Library/Developer/Xcode/DerivedData/EyeBreak-cmlrpdawzgvviwhfqhvjwymdisax/Build/Intermediates.noindex/EyeBreak.build/Release/EyeBreak.build/assetcatalog_output/thinned/Assets.car


SwiftDriver EyeBreak normal arm64 com.apple.xcode.tools.swift.compiler (in target 'EyeBreak' from project 'EyeBreak')
    cd /Users/chansocheat.sok/Desktop/vibe-coding/lookaway
    builtin-SwiftDriver -- /Applications/Xcode.app/Contents/Developer/Toolchains/XcodeDefault.xctoolchain/usr/bin/swiftc -module-name EyeBreak -O -whole-module-optimization -enforce-exclusivity\=checked @/Users/chansocheat.sok/Library/Developer/Xcode/DerivedData/EyeBreak-cmlrpdawzgvviwhfqhvjwymdisax/Build/Intermediates.noindex/EyeBreak.build/Release/EyeBreak.build/Objects-normal/arm64/EyeBreak.SwiftFileList -enable-bare-slash-regex -enable-experimental-feature DebugDescriptionMacro -sdk /Applications/Xcode.app/Contents/Developer/Platforms/MacOSX.platform/Developer/SDKs/MacOSX15.4.sdk -target arm64-apple-macos14.0 -g -module-cache-path /Users/chansocheat.sok/Library/Developer/Xcode/DerivedData/ModuleCache.noindex -Xfrontend -serialize-debugging-options -swift-version 5 -I /Users/chansocheat.sok/Library/Developer/Xcode/DerivedData/EyeBreak-cmlrpdawzgvviwhfqhvjwymdisax/Build/Products/Release -F /Users/chansocheat.sok/Library/Developer/Xcode/DerivedData/EyeBreak-cmlrpdawzgvviwhfqhvjwymdisax/Build/Products/Release -c -num-threads 8 -Xcc -ivfsstatcache -Xcc /Users/chansocheat.sok/Library/Developer/Xcode/DerivedData/SDKStatCaches.noindex/macosx15.4-24E241-88b860576fb364319593bd8fb30666b0.sdkstatcache -output-file-map /Users/chansocheat.sok/Library/Developer/Xcode/DerivedData/EyeBreak-cmlrpdawzgvviwhfqhvjwymdisax/Build/Intermediates.noindex/EyeBreak.build/Release/EyeBreak.build/Objects-normal/arm64/EyeBreak-OutputFileMap.json -use-frontend-parseable-output -save-temps -no-color-diagnostics -serialize-diagnostics -emit-dependencies -emit-module -emit-module-path /Users/chansocheat.sok/Library/Developer/Xcode/DerivedData/EyeBreak-cmlrpdawzgvviwhfqhvjwymdisax/Build/Intermediates.noindex/EyeBreak.build/Release/EyeBreak.build/Objects-normal/arm64/EyeBreak.swiftmodule -validate-clang-modules-once -clang-build-session-file /Users/chansocheat.sok/Library/Developer/Xcode/DerivedData/ModuleCache.noindex/Session.modulevalidation -Xcc -I/Users/chansocheat.sok/Library/Developer/Xcode/DerivedData/EyeBreak-cmlrpdawzgvviwhfqhvjwymdisax/Build/Intermediates.noindex/EyeBreak.build/Release/EyeBreak.build/swift-overrides.hmap -emit-const-values -Xfrontend -const-gather-protocols-file -Xfrontend /Users/chansocheat.sok/Library/Developer/Xcode/DerivedData/EyeBreak-cmlrpdawzgvviwhfqhvjwymdisax/Build/Intermediates.noindex/EyeBreak.build/Release/EyeBreak.build/Objects-normal/arm64/EyeBreak_const_extract_protocols.json -Xcc -iquote -Xcc /Users/chansocheat.sok/Library/Developer/Xcode/DerivedData/EyeBreak-cmlrpdawzgvviwhfqhvjwymdisax/Build/Intermediates.noindex/EyeBreak.build/Release/EyeBreak.build/EyeBreak-generated-files.hmap -Xcc -I/Users/chansocheat.sok/Library/Developer/Xcode/DerivedData/EyeBreak-cmlrpdawzgvviwhfqhvjwymdisax/Build/Intermediates.noindex/EyeBreak.build/Release/EyeBreak.build/EyeBreak-own-target-headers.hmap -Xcc -I/Users/chansocheat.sok/Library/Developer/Xcode/DerivedData/EyeBreak-cmlrpdawzgvviwhfqhvjwymdisax/Build/Intermediates.noindex/EyeBreak.build/Release/EyeBreak.build/EyeBreak-all-target-headers.hmap -Xcc -iquote -Xcc /Users/chansocheat.sok/Library/Developer/Xcode/DerivedData/EyeBreak-cmlrpdawzgvviwhfqhvjwymdisax/Build/Intermediates.noindex/EyeBreak.build/Release/EyeBreak.build/EyeBreak-project-headers.hmap -Xcc -I/Users/chansocheat.sok/Library/Developer/Xcode/DerivedData/EyeBreak-cmlrpdawzgvviwhfqhvjwymdisax/Build/Products/Release/include -Xcc -I/Users/chansocheat.sok/Library/Developer/Xcode/DerivedData/EyeBreak-cmlrpdawzgvviwhfqhvjwymdisax/Build/Intermediates.noindex/EyeBreak.build/Release/EyeBreak.build/DerivedSources-normal/arm64 -Xcc -I/Users/chansocheat.sok/Library/Developer/Xcode/DerivedData/EyeBreak-cmlrpdawzgvviwhfqhvjwymdisax/Build/Intermediates.noindex/EyeBreak.build/Release/EyeBreak.build/DerivedSources/arm64 -Xcc -I/Users/chansocheat.sok/Library/Developer/Xcode/DerivedData/EyeBreak-cmlrpdawzgvviwhfqhvjwymdisax/Build/Intermediates.noindex/EyeBreak.build/Release/EyeBreak.build/DerivedSources -emit-objc-header -emit-objc-header-path /Users/chansocheat.sok/Library/Developer/Xcode/DerivedData/EyeBreak-cmlrpdawzgvviwhfqhvjwymdisax/Build/Intermediates.noindex/EyeBreak.build/Release/EyeBreak.build/Objects-normal/arm64/EyeBreak-Swift.h -working-directory /Users/chansocheat.sok/Desktop/vibe-coding/lookaway -no-emit-module-separately-wmo

SwiftCompile normal arm64 Compiling\ EyeBreakApp.swift,\ TimerState.swift,\ Settings.swift,\ StatusBarController.swift,\ BreakTimerManager.swift,\ IdleDetector.swift,\ NotificationManager.swift,\ ScreenBlurManager.swift,\ MenuBarView.swift,\ SettingsView.swift,\ BreakOverlayView.swift,\ OnboardingView.swift,\ StatsView.swift,\ AmbientReminderManager.swift,\ AmbientReminderView.swift,\ GeneratedAssetSymbols.swift /Users/chansocheat.sok/Desktop/vibe-coding/lookaway/EyeBreak/EyeBreakApp.swift /Users/chansocheat.sok/Desktop/vibe-coding/lookaway/EyeBreak/Models/TimerState.swift /Users/chansocheat.sok/Desktop/vibe-coding/lookaway/EyeBreak/Models/Settings.swift /Users/chansocheat.sok/Desktop/vibe-coding/lookaway/EyeBreak/Managers/StatusBarController.swift /Users/chansocheat.sok/Desktop/vibe-coding/lookaway/EyeBreak/Managers/BreakTimerManager.swift /Users/chansocheat.sok/Desktop/vibe-coding/lookaway/EyeBreak/Managers/IdleDetector.swift /Users/chansocheat.sok/Desktop/vibe-coding/lookaway/EyeBreak/Managers/NotificationManager.swift /Users/chansocheat.sok/Desktop/vibe-coding/lookaway/EyeBreak/Managers/ScreenBlurManager.swift /Users/chansocheat.sok/Desktop/vibe-coding/lookaway/EyeBreak/Views/MenuBarView.swift /Users/chansocheat.sok/Desktop/vibe-coding/lookaway/EyeBreak/Views/SettingsView.swift /Users/chansocheat.sok/Desktop/vibe-coding/lookaway/EyeBreak/Views/BreakOverlayView.swift /Users/chansocheat.sok/Desktop/vibe-coding/lookaway/EyeBreak/Views/OnboardingView.swift /Users/chansocheat.sok/Desktop/vibe-coding/lookaway/EyeBreak/Views/StatsView.swift /Users/chansocheat.sok/Desktop/vibe-coding/lookaway/EyeBreak/Managers/AmbientReminderManager.swift /Users/chansocheat.sok/Desktop/vibe-coding/lookaway/EyeBreak/Views/AmbientReminderView.swift /Users/chansocheat.sok/Library/Developer/Xcode/DerivedData/EyeBreak-cmlrpdawzgvviwhfqhvjwymdisax/Build/Intermediates.noindex/EyeBreak.build/Release/EyeBreak.build/DerivedSources/GeneratedAssetSymbols.swift (in target 'EyeBreak' from project 'EyeBreak')
CompileSwift normal arm64 (in target 'EyeBreak' from project 'EyeBreak')
    cd /Users/chansocheat.sok/Desktop/vibe-coding/lookaway
    
/Users/chansocheat.sok/Desktop/vibe-coding/lookaway/EyeBreak/Managers/StatusBarController.swift:58:61: warning: left side of nil coalescing operator '??' has non-optional type 'String', so the right side is never used
        print("👁️ Set plain text icon: '\(button.title ?? "nil")'")
/Users/chansocheat.sok/Desktop/vibe-coding/lookaway/EyeBreak/Managers/StatusBarController.swift:67:51: warning: left side of nil coalescing operator '??' has non-optional type 'String', so the right side is never used
        print("   - Button title: '\(button.title ?? "nil")'")
                                     ~~~~~~~~~~~~~^~~~~~~~
                                                 
/Users/chansocheat.sok/Desktop/vibe-coding/lookaway/EyeBreak/Managers/IdleDetector.swift:80:43: warning: treating a forced downcast to 'CFNumber' as optional will never produce 'nil'
                CFNumberGetValue(property as! CFNumber, .sInt64Type, &idleNanos)
                                          ^
/Users/chansocheat.sok/Desktop/vibe-coding/lookaway/EyeBreak/Managers/IdleDetector.swift:80:45: note: use 'as?' to perform a conditional downcast to 'CFNumber'
                CFNumberGetValue(property as! CFNumber, .sInt64Type, &idleNanos)
                                            ^
                                            ?
/Users/chansocheat.sok/Desktop/vibe-coding/lookaway/EyeBreak/Managers/IdleDetector.swift:80:34: note: add parentheses around the cast to silence this warning
                CFNumberGetValue(property as! CFNumber, .sInt64Type, &idleNanos)
                                 ^
                                 (                    )
/Users/chansocheat.sok/Desktop/vibe-coding/lookaway/EyeBreak/Managers/ScreenBlurManager.swift:62:33: warning: variable 'self' was written to, but never read
                onSkip: { [weak self] in
                                ^

SwiftDriver\ Compilation EyeBreak normal arm64 com.apple.xcode.tools.swift.compiler (in target 'EyeBreak' from project 'EyeBreak')
    cd /Users/chansocheat.sok/Desktop/vibe-coding/lookaway
    builtin-Swift-Compilation -- /Applications/Xcode.app/Contents/Developer/Toolchains/XcodeDefault.xctoolchain/usr/bin/swiftc -module-name EyeBreak -O -whole-module-optimization -enforce-exclusivity\=checked @/Users/chansocheat.sok/Library/Developer/Xcode/DerivedData/EyeBreak-cmlrpdawzgvviwhfqhvjwymdisax/Build/Intermediates.noindex/EyeBreak.build/Release/EyeBreak.build/Objects-normal/arm64/EyeBreak.SwiftFileList -enable-bare-slash-regex -enable-experimental-feature DebugDescriptionMacro -sdk /Applications/Xcode.app/Contents/Developer/Platforms/MacOSX.platform/Developer/SDKs/MacOSX15.4.sdk -target arm64-apple-macos14.0 -g -module-cache-path /Users/chansocheat.sok/Library/Developer/Xcode/DerivedData/ModuleCache.noindex -Xfrontend -serialize-debugging-options -swift-version 5 -I /Users/chansocheat.sok/Library/Developer/Xcode/DerivedData/EyeBreak-cmlrpdawzgvviwhfqhvjwymdisax/Build/Products/Release -F /Users/chansocheat.sok/Library/Developer/Xcode/DerivedData/EyeBreak-cmlrpdawzgvviwhfqhvjwymdisax/Build/Products/Release -c -num-threads 8 -Xcc -ivfsstatcache -Xcc /Users/chansocheat.sok/Library/Developer/Xcode/DerivedData/SDKStatCaches.noindex/macosx15.4-24E241-88b860576fb364319593bd8fb30666b0.sdkstatcache -output-file-map /Users/chansocheat.sok/Library/Developer/Xcode/DerivedData/EyeBreak-cmlrpdawzgvviwhfqhvjwymdisax/Build/Intermediates.noindex/EyeBreak.build/Release/EyeBreak.build/Objects-normal/arm64/EyeBreak-OutputFileMap.json -use-frontend-parseable-output -save-temps -no-color-diagnostics -serialize-diagnostics -emit-dependencies -emit-module -emit-module-path /Users/chansocheat.sok/Library/Developer/Xcode/DerivedData/EyeBreak-cmlrpdawzgvviwhfqhvjwymdisax/Build/Intermediates.noindex/EyeBreak.build/Release/EyeBreak.build/Objects-normal/arm64/EyeBreak.swiftmodule -validate-clang-modules-once -clang-build-session-file /Users/chansocheat.sok/Library/Developer/Xcode/DerivedData/ModuleCache.noindex/Session.modulevalidation -Xcc -I/Users/chansocheat.sok/Library/Developer/Xcode/DerivedData/EyeBreak-cmlrpdawzgvviwhfqhvjwymdisax/Build/Intermediates.noindex/EyeBreak.build/Release/EyeBreak.build/swift-overrides.hmap -emit-const-values -Xfrontend -const-gather-protocols-file -Xfrontend /Users/chansocheat.sok/Library/Developer/Xcode/DerivedData/EyeBreak-cmlrpdawzgvviwhfqhvjwymdisax/Build/Intermediates.noindex/EyeBreak.build/Release/EyeBreak.build/Objects-normal/arm64/EyeBreak_const_extract_protocols.json -Xcc -iquote -Xcc /Users/chansocheat.sok/Library/Developer/Xcode/DerivedData/EyeBreak-cmlrpdawzgvviwhfqhvjwymdisax/Build/Intermediates.noindex/EyeBreak.build/Release/EyeBreak.build/EyeBreak-generated-files.hmap -Xcc -I/Users/chansocheat.sok/Library/Developer/Xcode/DerivedData/EyeBreak-cmlrpdawzgvviwhfqhvjwymdisax/Build/Intermediates.noindex/EyeBreak.build/Release/EyeBreak.build/EyeBreak-own-target-headers.hmap -Xcc -I/Users/chansocheat.sok/Library/Developer/Xcode/DerivedData/EyeBreak-cmlrpdawzgvviwhfqhvjwymdisax/Build/Intermediates.noindex/EyeBreak.build/Release/EyeBreak.build/EyeBreak-all-target-headers.hmap -Xcc -iquote -Xcc /Users/chansocheat.sok/Library/Developer/Xcode/DerivedData/EyeBreak-cmlrpdawzgvviwhfqhvjwymdisax/Build/Intermediates.noindex/EyeBreak.build/Release/EyeBreak.build/EyeBreak-project-headers.hmap -Xcc -I/Users/chansocheat.sok/Library/Developer/Xcode/DerivedData/EyeBreak-cmlrpdawzgvviwhfqhvjwymdisax/Build/Products/Release/include -Xcc -I/Users/chansocheat.sok/Library/Developer/Xcode/DerivedData/EyeBreak-cmlrpdawzgvviwhfqhvjwymdisax/Build/Intermediates.noindex/EyeBreak.build/Release/EyeBreak.build/DerivedSources-normal/arm64 -Xcc -I/Users/chansocheat.sok/Library/Developer/Xcode/DerivedData/EyeBreak-cmlrpdawzgvviwhfqhvjwymdisax/Build/Intermediates.noindex/EyeBreak.build/Release/EyeBreak.build/DerivedSources/arm64 -Xcc -I/Users/chansocheat.sok/Library/Developer/Xcode/DerivedData/EyeBreak-cmlrpdawzgvviwhfqhvjwymdisax/Build/Intermediates.noindex/EyeBreak.build/Release/EyeBreak.build/DerivedSources -emit-objc-header -emit-objc-header-path /Users/chansocheat.sok/Library/Developer/Xcode/DerivedData/EyeBreak-cmlrpdawzgvviwhfqhvjwymdisax/Build/Intermediates.noindex/EyeBreak.build/Release/EyeBreak.build/Objects-normal/arm64/EyeBreak-Swift.h -working-directory /Users/chansocheat.sok/Desktop/vibe-coding/lookaway -no-emit-module-separately-wmo

LinkAssetCatalog /Users/chansocheat.sok/Desktop/vibe-coding/lookaway/EyeBreak/Resources/Assets.xcassets (in target 'EyeBreak' from project 'EyeBreak')
    cd /Users/chansocheat.sok/Desktop/vibe-coding/lookaway
    builtin-linkAssetCatalog --thinned /Users/chansocheat.sok/Library/Developer/Xcode/DerivedData/EyeBreak-cmlrpdawzgvviwhfqhvjwymdisax/Build/Intermediates.noindex/EyeBreak.build/Release/EyeBreak.build/assetcatalog_output/thinned --thinned-dependencies /Users/chansocheat.sok/Library/Developer/Xcode/DerivedData/EyeBreak-cmlrpdawzgvviwhfqhvjwymdisax/Build/Intermediates.noindex/EyeBreak.build/Release/EyeBreak.build/assetcatalog_dependencies_thinned --thinned-info-plist-content /Users/chansocheat.sok/Library/Developer/Xcode/DerivedData/EyeBreak-cmlrpdawzgvviwhfqhvjwymdisax/Build/Intermediates.noindex/EyeBreak.build/Release/EyeBreak.build/assetcatalog_generated_info.plist_thinned --unthinned /Users/chansocheat.sok/Library/Developer/Xcode/DerivedData/EyeBreak-cmlrpdawzgvviwhfqhvjwymdisax/Build/Intermediates.noindex/EyeBreak.build/Release/EyeBreak.build/assetcatalog_output/unthinned --unthinned-dependencies /Users/chansocheat.sok/Library/Developer/Xcode/DerivedData/EyeBreak-cmlrpdawzgvviwhfqhvjwymdisax/Build/Intermediates.noindex/EyeBreak.build/Release/EyeBreak.build/assetcatalog_dependencies_unthinned --unthinned-info-plist-content /Users/chansocheat.sok/Library/Developer/Xcode/DerivedData/EyeBreak-cmlrpdawzgvviwhfqhvjwymdisax/Build/Intermediates.noindex/EyeBreak.build/Release/EyeBreak.build/assetcatalog_generated_info.plist_unthinned --output /Users/chansocheat.sok/Library/Developer/Xcode/DerivedData/EyeBreak-cmlrpdawzgvviwhfqhvjwymdisax/Build/Products/Release/EyeBreak.app/Contents/Resources --plist-output /Users/chansocheat.sok/Library/Developer/Xcode/DerivedData/EyeBreak-cmlrpdawzgvviwhfqhvjwymdisax/Build/Intermediates.noindex/EyeBreak.build/Release/EyeBreak.build/assetcatalog_generated_info.plist
note: Emplaced /Users/chansocheat.sok/Library/Developer/Xcode/DerivedData/EyeBreak-cmlrpdawzgvviwhfqhvjwymdisax/Build/Products/Release/EyeBreak.app/Contents/Resources/Assets.car (in target 'EyeBreak' from project 'EyeBreak')
note: Emplaced /Users/chansocheat.sok/Library/Developer/Xcode/DerivedData/EyeBreak-cmlrpdawzgvviwhfqhvjwymdisax/Build/Products/Release/EyeBreak.app/Contents/Resources/AppIcon.icns (in target 'EyeBreak' from project 'EyeBreak')

ProcessInfoPlistFile /Users/chansocheat.sok/Library/Developer/Xcode/DerivedData/EyeBreak-cmlrpdawzgvviwhfqhvjwymdisax/Build/Products/Release/EyeBreak.app/Contents/Info.plist /Users/chansocheat.sok/Desktop/vibe-coding/lookaway/EyeBreak/Info.plist (in target 'EyeBreak' from project 'EyeBreak')
    cd /Users/chansocheat.sok/Desktop/vibe-coding/lookaway
    builtin-infoPlistUtility /Users/chansocheat.sok/Desktop/vibe-coding/lookaway/EyeBreak/Info.plist -producttype com.apple.product-type.application -genpkginfo /Users/chansocheat.sok/Library/Developer/Xcode/DerivedData/EyeBreak-cmlrpdawzgvviwhfqhvjwymdisax/Build/Products/Release/EyeBreak.app/Contents/PkgInfo -expandbuildsettings -platform macosx -additionalcontentfile /Users/chansocheat.sok/Library/Developer/Xcode/DerivedData/EyeBreak-cmlrpdawzgvviwhfqhvjwymdisax/Build/Intermediates.noindex/EyeBreak.build/Release/EyeBreak.build/assetcatalog_generated_info.plist -o /Users/chansocheat.sok/Library/Developer/Xcode/DerivedData/EyeBreak-cmlrpdawzgvviwhfqhvjwymdisax/Build/Products/Release/EyeBreak.app/Contents/Info.plist

SwiftDriverJobDiscovery normal arm64 Compiling EyeBreakApp.swift, TimerState.swift, Settings.swift, StatusBarController.swift, BreakTimerManager.swift, IdleDetector.swift, NotificationManager.swift, ScreenBlurManager.swift, MenuBarView.swift, SettingsView.swift, BreakOverlayView.swift, OnboardingView.swift, StatsView.swift, AmbientReminderManager.swift, AmbientReminderView.swift, GeneratedAssetSymbols.swift (in target 'EyeBreak' from project 'EyeBreak')

SwiftDriver\ Compilation\ Requirements EyeBreak normal arm64 com.apple.xcode.tools.swift.compiler (in target 'EyeBreak' from project 'EyeBreak')
    cd /Users/chansocheat.sok/Desktop/vibe-coding/lookaway
    builtin-Swift-Compilation-Requirements -- /Applications/Xcode.app/Contents/Developer/Toolchains/XcodeDefault.xctoolchain/usr/bin/swiftc -module-name EyeBreak -O -whole-module-optimization -enforce-exclusivity\=checked @/Users/chansocheat.sok/Library/Developer/Xcode/DerivedData/EyeBreak-cmlrpdawzgvviwhfqhvjwymdisax/Build/Intermediates.noindex/EyeBreak.build/Release/EyeBreak.build/Objects-normal/arm64/EyeBreak.SwiftFileList -enable-bare-slash-regex -enable-experimental-feature DebugDescriptionMacro -sdk /Applications/Xcode.app/Contents/Developer/Platforms/MacOSX.platform/Developer/SDKs/MacOSX15.4.sdk -target arm64-apple-macos14.0 -g -module-cache-path /Users/chansocheat.sok/Library/Developer/Xcode/DerivedData/ModuleCache.noindex -Xfrontend -serialize-debugging-options -swift-version 5 -I /Users/chansocheat.sok/Library/Developer/Xcode/DerivedData/EyeBreak-cmlrpdawzgvviwhfqhvjwymdisax/Build/Products/Release -F /Users/chansocheat.sok/Library/Developer/Xcode/DerivedData/EyeBreak-cmlrpdawzgvviwhfqhvjwymdisax/Build/Products/Release -c -num-threads 8 -Xcc -ivfsstatcache -Xcc /Users/chansocheat.sok/Library/Developer/Xcode/DerivedData/SDKStatCaches.noindex/macosx15.4-24E241-88b860576fb364319593bd8fb30666b0.sdkstatcache -output-file-map /Users/chansocheat.sok/Library/Developer/Xcode/DerivedData/EyeBreak-cmlrpdawzgvviwhfqhvjwymdisax/Build/Intermediates.noindex/EyeBreak.build/Release/EyeBreak.build/Objects-normal/arm64/EyeBreak-OutputFileMap.json -use-frontend-parseable-output -save-temps -no-color-diagnostics -serialize-diagnostics -emit-dependencies -emit-module -emit-module-path /Users/chansocheat.sok/Library/Developer/Xcode/DerivedData/EyeBreak-cmlrpdawzgvviwhfqhvjwymdisax/Build/Intermediates.noindex/EyeBreak.build/Release/EyeBreak.build/Objects-normal/arm64/EyeBreak.swiftmodule -validate-clang-modules-once -clang-build-session-file /Users/chansocheat.sok/Library/Developer/Xcode/DerivedData/ModuleCache.noindex/Session.modulevalidation -Xcc -I/Users/chansocheat.sok/Library/Developer/Xcode/DerivedData/EyeBreak-cmlrpdawzgvviwhfqhvjwymdisax/Build/Intermediates.noindex/EyeBreak.build/Release/EyeBreak.build/swift-overrides.hmap -emit-const-values -Xfrontend -const-gather-protocols-file -Xfrontend /Users/chansocheat.sok/Library/Developer/Xcode/DerivedData/EyeBreak-cmlrpdawzgvviwhfqhvjwymdisax/Build/Intermediates.noindex/EyeBreak.build/Release/EyeBreak.build/Objects-normal/arm64/EyeBreak_const_extract_protocols.json -Xcc -iquote -Xcc /Users/chansocheat.sok/Library/Developer/Xcode/DerivedData/EyeBreak-cmlrpdawzgvviwhfqhvjwymdisax/Build/Intermediates.noindex/EyeBreak.build/Release/EyeBreak.build/EyeBreak-generated-files.hmap -Xcc -I/Users/chansocheat.sok/Library/Developer/Xcode/DerivedData/EyeBreak-cmlrpdawzgvviwhfqhvjwymdisax/Build/Intermediates.noindex/EyeBreak.build/Release/EyeBreak.build/EyeBreak-own-target-headers.hmap -Xcc -I/Users/chansocheat.sok/Library/Developer/Xcode/DerivedData/EyeBreak-cmlrpdawzgvviwhfqhvjwymdisax/Build/Intermediates.noindex/EyeBreak.build/Release/EyeBreak.build/EyeBreak-all-target-headers.hmap -Xcc -iquote -Xcc /Users/chansocheat.sok/Library/Developer/Xcode/DerivedData/EyeBreak-cmlrpdawzgvviwhfqhvjwymdisax/Build/Intermediates.noindex/EyeBreak.build/Release/EyeBreak.build/EyeBreak-project-headers.hmap -Xcc -I/Users/chansocheat.sok/Library/Developer/Xcode/DerivedData/EyeBreak-cmlrpdawzgvviwhfqhvjwymdisax/Build/Products/Release/include -Xcc -I/Users/chansocheat.sok/Library/Developer/Xcode/DerivedData/EyeBreak-cmlrpdawzgvviwhfqhvjwymdisax/Build/Intermediates.noindex/EyeBreak.build/Release/EyeBreak.build/DerivedSources-normal/arm64 -Xcc -I/Users/chansocheat.sok/Library/Developer/Xcode/DerivedData/EyeBreak-cmlrpdawzgvviwhfqhvjwymdisax/Build/Intermediates.noindex/EyeBreak.build/Release/EyeBreak.build/DerivedSources/arm64 -Xcc -I/Users/chansocheat.sok/Library/Developer/Xcode/DerivedData/EyeBreak-cmlrpdawzgvviwhfqhvjwymdisax/Build/Intermediates.noindex/EyeBreak.build/Release/EyeBreak.build/DerivedSources -emit-objc-header -emit-objc-header-path /Users/chansocheat.sok/Library/Developer/Xcode/DerivedData/EyeBreak-cmlrpdawzgvviwhfqhvjwymdisax/Build/Intermediates.noindex/EyeBreak.build/Release/EyeBreak.build/Objects-normal/arm64/EyeBreak-Swift.h -working-directory /Users/chansocheat.sok/Desktop/vibe-coding/lookaway -no-emit-module-separately-wmo

SwiftMergeGeneratedHeaders /Users/chansocheat.sok/Library/Developer/Xcode/DerivedData/EyeBreak-cmlrpdawzgvviwhfqhvjwymdisax/Build/Intermediates.noindex/EyeBreak.build/Release/EyeBreak.build/DerivedSources/EyeBreak-Swift.h /Users/chansocheat.sok/Library/Developer/Xcode/DerivedData/EyeBreak-cmlrpdawzgvviwhfqhvjwymdisax/Build/Intermediates.noindex/EyeBreak.build/Release/EyeBreak.build/Objects-normal/arm64/EyeBreak-Swift.h (in target 'EyeBreak' from project 'EyeBreak')
    cd /Users/chansocheat.sok/Desktop/vibe-coding/lookaway
    builtin-swiftHeaderTool -arch arm64 /Users/chansocheat.sok/Library/Developer/Xcode/DerivedData/EyeBreak-cmlrpdawzgvviwhfqhvjwymdisax/Build/Intermediates.noindex/EyeBreak.build/Release/EyeBreak.build/Objects-normal/arm64/EyeBreak-Swift.h -o /Users/chansocheat.sok/Library/Developer/Xcode/DerivedData/EyeBreak-cmlrpdawzgvviwhfqhvjwymdisax/Build/Intermediates.noindex/EyeBreak.build/Release/EyeBreak.build/DerivedSources/EyeBreak-Swift.h

Copy /Users/chansocheat.sok/Library/Developer/Xcode/DerivedData/EyeBreak-cmlrpdawzgvviwhfqhvjwymdisax/Build/Products/Release/EyeBreak.swiftmodule/arm64-apple-macos.swiftmodule /Users/chansocheat.sok/Library/Developer/Xcode/DerivedData/EyeBreak-cmlrpdawzgvviwhfqhvjwymdisax/Build/Intermediates.noindex/EyeBreak.build/Release/EyeBreak.build/Objects-normal/arm64/EyeBreak.swiftmodule (in target 'EyeBreak' from project 'EyeBreak')
    cd /Users/chansocheat.sok/Desktop/vibe-coding/lookaway
    builtin-copy -exclude .DS_Store -exclude CVS -exclude .svn -exclude .git -exclude .hg -resolve-src-symlinks -rename /Users/chansocheat.sok/Library/Developer/Xcode/DerivedData/EyeBreak-cmlrpdawzgvviwhfqhvjwymdisax/Build/Intermediates.noindex/EyeBreak.build/Release/EyeBreak.build/Objects-normal/arm64/EyeBreak.swiftmodule /Users/chansocheat.sok/Library/Developer/Xcode/DerivedData/EyeBreak-cmlrpdawzgvviwhfqhvjwymdisax/Build/Products/Release/EyeBreak.swiftmodule/arm64-apple-macos.swiftmodule

Copy /Users/chansocheat.sok/Library/Developer/Xcode/DerivedData/EyeBreak-cmlrpdawzgvviwhfqhvjwymdisax/Build/Products/Release/EyeBreak.swiftmodule/arm64-apple-macos.swiftdoc /Users/chansocheat.sok/Library/Developer/Xcode/DerivedData/EyeBreak-cmlrpdawzgvviwhfqhvjwymdisax/Build/Intermediates.noindex/EyeBreak.build/Release/EyeBreak.build/Objects-normal/arm64/EyeBreak.swiftdoc (in target 'EyeBreak' from project 'EyeBreak')
    cd /Users/chansocheat.sok/Desktop/vibe-coding/lookaway
    builtin-copy -exclude .DS_Store -exclude CVS -exclude .svn -exclude .git -exclude .hg -resolve-src-symlinks -rename /Users/chansocheat.sok/Library/Developer/Xcode/DerivedData/EyeBreak-cmlrpdawzgvviwhfqhvjwymdisax/Build/Intermediates.noindex/EyeBreak.build/Release/EyeBreak.build/Objects-normal/arm64/EyeBreak.swiftdoc /Users/chansocheat.sok/Library/Developer/Xcode/DerivedData/EyeBreak-cmlrpdawzgvviwhfqhvjwymdisax/Build/Products/Release/EyeBreak.swiftmodule/arm64-apple-macos.swiftdoc

Copy /Users/chansocheat.sok/Library/Developer/Xcode/DerivedData/EyeBreak-cmlrpdawzgvviwhfqhvjwymdisax/Build/Products/Release/EyeBreak.swiftmodule/arm64-apple-macos.abi.json /Users/chansocheat.sok/Library/Developer/Xcode/DerivedData/EyeBreak-cmlrpdawzgvviwhfqhvjwymdisax/Build/Intermediates.noindex/EyeBreak.build/Release/EyeBreak.build/Objects-normal/arm64/EyeBreak.abi.json (in target 'EyeBreak' from project 'EyeBreak')
    cd /Users/chansocheat.sok/Desktop/vibe-coding/lookaway
    builtin-copy -exclude .DS_Store -exclude CVS -exclude .svn -exclude .git -exclude .hg -resolve-src-symlinks -rename /Users/chansocheat.sok/Library/Developer/Xcode/DerivedData/EyeBreak-cmlrpdawzgvviwhfqhvjwymdisax/Build/Intermediates.noindex/EyeBreak.build/Release/EyeBreak.build/Objects-normal/arm64/EyeBreak.abi.json /Users/chansocheat.sok/Library/Developer/Xcode/DerivedData/EyeBreak-cmlrpdawzgvviwhfqhvjwymdisax/Build/Products/Release/EyeBreak.swiftmodule/arm64-apple-macos.abi.json

Copy /Users/chansocheat.sok/Library/Developer/Xcode/DerivedData/EyeBreak-cmlrpdawzgvviwhfqhvjwymdisax/Build/Products/Release/EyeBreak.swiftmodule/Project/arm64-apple-macos.swiftsourceinfo /Users/chansocheat.sok/Library/Developer/Xcode/DerivedData/EyeBreak-cmlrpdawzgvviwhfqhvjwymdisax/Build/Intermediates.noindex/EyeBreak.build/Release/EyeBreak.build/Objects-normal/arm64/EyeBreak.swiftsourceinfo (in target 'EyeBreak' from project 'EyeBreak')
    cd /Users/chansocheat.sok/Desktop/vibe-coding/lookaway
    builtin-copy -exclude .DS_Store -exclude CVS -exclude .svn -exclude .git -exclude .hg -resolve-src-symlinks -rename /Users/chansocheat.sok/Library/Developer/Xcode/DerivedData/EyeBreak-cmlrpdawzgvviwhfqhvjwymdisax/Build/Intermediates.noindex/EyeBreak.build/Release/EyeBreak.build/Objects-normal/arm64/EyeBreak.swiftsourceinfo /Users/chansocheat.sok/Library/Developer/Xcode/DerivedData/EyeBreak-cmlrpdawzgvviwhfqhvjwymdisax/Build/Products/Release/EyeBreak.swiftmodule/Project/arm64-apple-macos.swiftsourceinfo

Ld /Users/chansocheat.sok/Library/Developer/Xcode/DerivedData/EyeBreak-cmlrpdawzgvviwhfqhvjwymdisax/Build/Products/Release/EyeBreak.app/Contents/MacOS/EyeBreak normal (in target 'EyeBreak' from project 'EyeBreak')
    cd /Users/chansocheat.sok/Desktop/vibe-coding/lookaway
    /Applications/Xcode.app/Contents/Developer/Toolchains/XcodeDefault.xctoolchain/usr/bin/clang -Xlinker -reproducible -target arm64-apple-macos14.0 -isysroot /Applications/Xcode.app/Contents/Developer/Platforms/MacOSX.platform/Developer/SDKs/MacOSX15.4.sdk -Os -L/Users/chansocheat.sok/Library/Developer/Xcode/DerivedData/EyeBreak-cmlrpdawzgvviwhfqhvjwymdisax/Build/Intermediates.noindex/EagerLinkingTBDs/Release -L/Users/chansocheat.sok/Library/Developer/Xcode/DerivedData/EyeBreak-cmlrpdawzgvviwhfqhvjwymdisax/Build/Products/Release -F/Users/chansocheat.sok/Library/Developer/Xcode/DerivedData/EyeBreak-cmlrpdawzgvviwhfqhvjwymdisax/Build/Intermediates.noindex/EagerLinkingTBDs/Release -F/Users/chansocheat.sok/Library/Developer/Xcode/DerivedData/EyeBreak-cmlrpdawzgvviwhfqhvjwymdisax/Build/Products/Release -filelist /Users/chansocheat.sok/Library/Developer/Xcode/DerivedData/EyeBreak-cmlrpdawzgvviwhfqhvjwymdisax/Build/Intermediates.noindex/EyeBreak.build/Release/EyeBreak.build/Objects-normal/arm64/EyeBreak.LinkFileList -Xlinker -rpath -Xlinker @executable_path/../Frameworks -Xlinker -object_path_lto -Xlinker /Users/chansocheat.sok/Library/Developer/Xcode/DerivedData/EyeBreak-cmlrpdawzgvviwhfqhvjwymdisax/Build/Intermediates.noindex/EyeBreak.build/Release/EyeBreak.build/Objects-normal/arm64/EyeBreak_lto.o -Xlinker -dependency_info -Xlinker /Users/chansocheat.sok/Library/Developer/Xcode/DerivedData/EyeBreak-cmlrpdawzgvviwhfqhvjwymdisax/Build/Intermediates.noindex/EyeBreak.build/Release/EyeBreak.build/Objects-normal/arm64/EyeBreak_dependency_info.dat -fobjc-link-runtime -L/Applications/Xcode.app/Contents/Developer/Toolchains/XcodeDefault.xctoolchain/usr/lib/swift/macosx -L/usr/lib/swift -Xlinker -add_ast_path -Xlinker /Users/chansocheat.sok/Library/Developer/Xcode/DerivedData/EyeBreak-cmlrpdawzgvviwhfqhvjwymdisax/Build/Intermediates.noindex/EyeBreak.build/Release/EyeBreak.build/Objects-normal/arm64/EyeBreak.swiftmodule -Xlinker -no_adhoc_codesign -o /Users/chansocheat.sok/Library/Developer/Xcode/DerivedData/EyeBreak-cmlrpdawzgvviwhfqhvjwymdisax/Build/Products/Release/EyeBreak.app/Contents/MacOS/EyeBreak

CopySwiftLibs /Users/chansocheat.sok/Library/Developer/Xcode/DerivedData/EyeBreak-cmlrpdawzgvviwhfqhvjwymdisax/Build/Products/Release/EyeBreak.app (in target 'EyeBreak' from project 'EyeBreak')
    cd /Users/chansocheat.sok/Desktop/vibe-coding/lookaway
    builtin-swiftStdLibTool --copy --verbose --sign - --scan-executable /Users/chansocheat.sok/Library/Developer/Xcode/DerivedData/EyeBreak-cmlrpdawzgvviwhfqhvjwymdisax/Build/Products/Release/EyeBreak.app/Contents/MacOS/EyeBreak --scan-folder /Users/chansocheat.sok/Library/Developer/Xcode/DerivedData/EyeBreak-cmlrpdawzgvviwhfqhvjwymdisax/Build/Products/Release/EyeBreak.app/Contents/Frameworks --scan-folder /Users/chansocheat.sok/Library/Developer/Xcode/DerivedData/EyeBreak-cmlrpdawzgvviwhfqhvjwymdisax/Build/Products/Release/EyeBreak.app/Contents/PlugIns --scan-folder /Users/chansocheat.sok/Library/Developer/Xcode/DerivedData/EyeBreak-cmlrpdawzgvviwhfqhvjwymdisax/Build/Products/Release/EyeBreak.app/Contents/Library/SystemExtensions --scan-folder /Users/chansocheat.sok/Library/Developer/Xcode/DerivedData/EyeBreak-cmlrpdawzgvviwhfqhvjwymdisax/Build/Products/Release/EyeBreak.app/Contents/Extensions --platform macosx --toolchain /Applications/Xcode.app/Contents/Developer/Toolchains/XcodeDefault.xctoolchain --destination /Users/chansocheat.sok/Library/Developer/Xcode/DerivedData/EyeBreak-cmlrpdawzgvviwhfqhvjwymdisax/Build/Products/Release/EyeBreak.app/Contents/Frameworks --strip-bitcode --strip-bitcode-tool /Applications/Xcode.app/Contents/Developer/Toolchains/XcodeDefault.xctoolchain/usr/bin/bitcode_strip --emit-dependency-info /Users/chansocheat.sok/Library/Developer/Xcode/DerivedData/EyeBreak-cmlrpdawzgvviwhfqhvjwymdisax/Build/Intermediates.noindex/EyeBreak.build/Release/EyeBreak.build/SwiftStdLibToolInputDependencies.dep --filter-for-swift-os

ExtractAppIntentsMetadata (in target 'EyeBreak' from project 'EyeBreak')
    cd /Users/chansocheat.sok/Desktop/vibe-coding/lookaway
    /Applications/Xcode.app/Contents/Developer/Toolchains/XcodeDefault.xctoolchain/usr/bin/appintentsmetadataprocessor --toolchain-dir /Applications/Xcode.app/Contents/Developer/Toolchains/XcodeDefault.xctoolchain --module-name EyeBreak --sdk-root /Applications/Xcode.app/Contents/Developer/Platforms/MacOSX.platform/Developer/SDKs/MacOSX15.4.sdk --xcode-version 16E140 --platform-family macOS --deployment-target 14.0 --bundle-identifier com.eyebreak.app --output /Users/chansocheat.sok/Library/Developer/Xcode/DerivedData/EyeBreak-cmlrpdawzgvviwhfqhvjwymdisax/Build/Products/Release/EyeBreak.app/Contents/Resources --target-triple arm64-apple-macos14.0 --binary-file /Users/chansocheat.sok/Library/Developer/Xcode/DerivedData/EyeBreak-cmlrpdawzgvviwhfqhvjwymdisax/Build/Products/Release/EyeBreak.app/Contents/MacOS/EyeBreak --dependency-file /Users/chansocheat.sok/Library/Developer/Xcode/DerivedData/EyeBreak-cmlrpdawzgvviwhfqhvjwymdisax/Build/Intermediates.noindex/EyeBreak.build/Release/EyeBreak.build/Objects-normal/arm64/EyeBreak_dependency_info.dat --stringsdata-file /Users/chansocheat.sok/Library/Developer/Xcode/DerivedData/EyeBreak-cmlrpdawzgvviwhfqhvjwymdisax/Build/Intermediates.noindex/EyeBreak.build/Release/EyeBreak.build/Objects-normal/arm64/ExtractedAppShortcutsMetadata.stringsdata --source-file-list /Users/chansocheat.sok/Library/Developer/Xcode/DerivedData/EyeBreak-cmlrpdawzgvviwhfqhvjwymdisax/Build/Intermediates.noindex/EyeBreak.build/Release/EyeBreak.build/Objects-normal/arm64/EyeBreak.SwiftFileList --metadata-file-list /Users/chansocheat.sok/Library/Developer/Xcode/DerivedData/EyeBreak-cmlrpdawzgvviwhfqhvjwymdisax/Build/Intermediates.noindex/EyeBreak.build/Release/EyeBreak.build/EyeBreak.DependencyMetadataFileList --static-metadata-file-list /Users/chansocheat.sok/Library/Developer/Xcode/DerivedData/EyeBreak-cmlrpdawzgvviwhfqhvjwymdisax/Build/Intermediates.noindex/EyeBreak.build/Release/EyeBreak.build/EyeBreak.DependencyStaticMetadataFileList --swift-const-vals-list /Users/chansocheat.sok/Library/Developer/Xcode/DerivedData/EyeBreak-cmlrpdawzgvviwhfqhvjwymdisax/Build/Intermediates.noindex/EyeBreak.build/Release/EyeBreak.build/Objects-normal/arm64/EyeBreak.SwiftConstValuesFileList --compile-time-extraction --deployment-aware-processing --validate-assistant-intents --no-app-shortcuts-localization
2025-10-06 17:40:34.931 appintentsmetadataprocessor[94366:7896153] Starting appintentsmetadataprocessor export
2025-10-06 17:40:34.933 appintentsmetadataprocessor[94366:7896153] warning: Metadata extraction skipped. No AppIntents.framework dependency found.

GenerateDSYMFile /Users/chansocheat.sok/Library/Developer/Xcode/DerivedData/EyeBreak-cmlrpdawzgvviwhfqhvjwymdisax/Build/Products/Release/EyeBreak.app.dSYM /Users/chansocheat.sok/Library/Developer/Xcode/DerivedData/EyeBreak-cmlrpdawzgvviwhfqhvjwymdisax/Build/Products/Release/EyeBreak.app/Contents/MacOS/EyeBreak (in target 'EyeBreak' from project 'EyeBreak')
    cd /Users/chansocheat.sok/Desktop/vibe-coding/lookaway
    /Applications/Xcode.app/Contents/Developer/Toolchains/XcodeDefault.xctoolchain/usr/bin/dsymutil /Users/chansocheat.sok/Library/Developer/Xcode/DerivedData/EyeBreak-cmlrpdawzgvviwhfqhvjwymdisax/Build/Products/Release/EyeBreak.app/Contents/MacOS/EyeBreak -o /Users/chansocheat.sok/Library/Developer/Xcode/DerivedData/EyeBreak-cmlrpdawzgvviwhfqhvjwymdisax/Build/Products/Release/EyeBreak.app.dSYM

CodeSign /Users/chansocheat.sok/Library/Developer/Xcode/DerivedData/EyeBreak-cmlrpdawzgvviwhfqhvjwymdisax/Build/Products/Release/EyeBreak.app (in target 'EyeBreak' from project 'EyeBreak')
    cd /Users/chansocheat.sok/Desktop/vibe-coding/lookaway
    
    Signing Identity:     "Sign to Run Locally"
    
    /usr/bin/codesign --force --sign - -o runtime --entitlements /Users/chansocheat.sok/Library/Developer/Xcode/DerivedData/EyeBreak-cmlrpdawzgvviwhfqhvjwymdisax/Build/Intermediates.noindex/EyeBreak.build/Release/EyeBreak.build/EyeBreak.app.xcent --timestamp\=none --generate-entitlement-der /Users/chansocheat.sok/Library/Developer/Xcode/DerivedData/EyeBreak-cmlrpdawzgvviwhfqhvjwymdisax/Build/Products/Release/EyeBreak.app

RegisterExecutionPolicyException /Users/chansocheat.sok/Library/Developer/Xcode/DerivedData/EyeBreak-cmlrpdawzgvviwhfqhvjwymdisax/Build/Products/Release/EyeBreak.app (in target 'EyeBreak' from project 'EyeBreak')
    cd /Users/chansocheat.sok/Desktop/vibe-coding/lookaway
    builtin-RegisterExecutionPolicyException /Users/chansocheat.sok/Library/Developer/Xcode/DerivedData/EyeBreak-cmlrpdawzgvviwhfqhvjwymdisax/Build/Products/Release/EyeBreak.app

Validate /Users/chansocheat.sok/Library/Developer/Xcode/DerivedData/EyeBreak-cmlrpdawzgvviwhfqhvjwymdisax/Build/Products/Release/EyeBreak.app (in target 'EyeBreak' from project 'EyeBreak')
    cd /Users/chansocheat.sok/Desktop/vibe-coding/lookaway
    builtin-validationUtility /Users/chansocheat.sok/Library/Developer/Xcode/DerivedData/EyeBreak-cmlrpdawzgvviwhfqhvjwymdisax/Build/Products/Release/EyeBreak.app -no-validate-extension -infoplist-subpath Contents/Info.plist

Touch /Users/chansocheat.sok/Library/Developer/Xcode/DerivedData/EyeBreak-cmlrpdawzgvviwhfqhvjwymdisax/Build/Products/Release/EyeBreak.app (in target 'EyeBreak' from project 'EyeBreak')
    cd /Users/chansocheat.sok/Desktop/vibe-coding/lookaway
    /usr/bin/touch -c /Users/chansocheat.sok/Library/Developer/Xcode/DerivedData/EyeBreak-cmlrpdawzgvviwhfqhvjwymdisax/Build/Products/Release/EyeBreak.app

RegisterWithLaunchServices /Users/chansocheat.sok/Library/Developer/Xcode/DerivedData/EyeBreak-cmlrpdawzgvviwhfqhvjwymdisax/Build/Products/Release/EyeBreak.app (in target 'EyeBreak' from project 'EyeBreak')
    cd /Users/chansocheat.sok/Desktop/vibe-coding/lookaway
    /System/Library/Frameworks/CoreServices.framework/Versions/Current/Frameworks/LaunchServices.framework/Versions/Current/Support/lsregister -f -R -trusted /Users/chansocheat.sok/Library/Developer/Xcode/DerivedData/EyeBreak-cmlrpdawzgvviwhfqhvjwymdisax/Build/Products/Release/EyeBreak.app

note: Disabling previews because SWIFT_VERSION is set and SWIFT_OPTIMIZATION_LEVEL=-O, expected -Onone (in target 'EyeBreak' from project 'EyeBreak')
** BUILD SUCCEEDED **

